<?xml version="1.0" encoding="UTF-8"?>
<!-- Generated by org.testng.reporters.JUnitXMLReporter -->
<testsuite ignored="1" hostname="Petchs-MBP.fios-router.home" failures="0" tests="1" name="Default test" time="1.4" errors="0" timestamp="2022-02-20T11:25:33 EST">
  <testcase classname="apiTests.PetStoreAPI_Tests" name="getPetByID" time="1.37"/>
  <testcase classname="apiTests.PetStoreAPI_Tests" name="createAPet" time="0.0">
    <ignored/>
  </testcase> <!-- createAPet -->
</testsuite> <!-- Default test -->
