<?xml version="1.0" encoding="UTF-8"?>
<testng-results ignored="0" total="2" passed="2" failed="0" skipped="0">
  <reporter-output>
  </reporter-output>
  <suite started-at="2022-02-20T12:04:57 EST" name="apiTests" finished-at="2022-02-20T12:04:59 EST" duration-ms="2026">
    <groups>
    </groups>
    <test started-at="2022-02-20T12:04:57 EST" name="API_SmokeTests" finished-at="2022-02-20T12:04:59 EST" duration-ms="2026">
      <class name="apiTests.PetStoreAPI_Tests">
        <test-method is-config="true" signature="beforeMethod()[pri:0, instance:apiTests.PetStoreAPI_Tests@7d3a22a9]" started-at="2022-02-20T12:04:57 EST" name="beforeMethod" finished-at="2022-02-20T12:04:57 EST" duration-ms="10" status="PASS">
          <reporter-output>
          </reporter-output>
        </test-method> <!-- beforeMethod -->
        <test-method signature="createAPet()[pri:0, instance:apiTests.PetStoreAPI_Tests@7d3a22a9]" started-at="2022-02-20T12:04:57 EST" name="createAPet" finished-at="2022-02-20T12:04:59 EST" duration-ms="1814" status="PASS">
          <reporter-output>
          </reporter-output>
        </test-method> <!-- createAPet -->
        <test-method is-config="true" signature="beforeMethod()[pri:0, instance:apiTests.PetStoreAPI_Tests@7d3a22a9]" started-at="2022-02-20T12:04:59 EST" name="beforeMethod" finished-at="2022-02-20T12:04:59 EST" duration-ms="1" status="PASS">
          <reporter-output>
          </reporter-output>
        </test-method> <!-- beforeMethod -->
        <test-method signature="getPetByID()[pri:0, instance:apiTests.PetStoreAPI_Tests@7d3a22a9]" started-at="2022-02-20T12:04:59 EST" name="getPetByID" finished-at="2022-02-20T12:04:59 EST" duration-ms="174" status="PASS">
          <reporter-output>
          </reporter-output>
        </test-method> <!-- getPetByID -->
      </class> <!-- apiTests.PetStoreAPI_Tests -->
    </test> <!-- API_SmokeTests -->
  </suite> <!-- apiTests -->
</testng-results>
